mode: set
github.com/issadicko/kodi-script-go/ast/ast.go:30.41,31.27 1 0
github.com/issadicko/kodi-script-go/ast/ast.go:31.27,33.3 1 0
github.com/issadicko/kodi-script-go/ast/ast.go:34.2,34.11 1 0
github.com/issadicko/kodi-script-go/ast/ast.go:44.42,44.43 0 0
github.com/issadicko/kodi-script-go/ast/ast.go:45.41,45.67 1 0
github.com/issadicko/kodi-script-go/ast/ast.go:54.45,54.46 0 0
github.com/issadicko/kodi-script-go/ast/ast.go:55.44,55.70 1 0
github.com/issadicko/kodi-script-go/ast/ast.go:63.55,63.56 0 0
github.com/issadicko/kodi-script-go/ast/ast.go:64.54,64.81 1 0
github.com/issadicko/kodi-script-go/ast/ast.go:74.47,74.48 0 0
github.com/issadicko/kodi-script-go/ast/ast.go:75.46,75.73 1 0
github.com/issadicko/kodi-script-go/ast/ast.go:83.50,83.51 0 0
github.com/issadicko/kodi-script-go/ast/ast.go:84.49,84.76 1 0
github.com/issadicko/kodi-script-go/ast/ast.go:92.51,92.52 0 0
github.com/issadicko/kodi-script-go/ast/ast.go:93.50,93.77 1 0
github.com/issadicko/kodi-script-go/ast/ast.go:101.45,101.46 0 0
github.com/issadicko/kodi-script-go/ast/ast.go:102.44,102.70 1 0
github.com/issadicko/kodi-script-go/ast/ast.go:110.49,110.50 0 0
github.com/issadicko/kodi-script-go/ast/ast.go:111.48,111.75 1 0
github.com/issadicko/kodi-script-go/ast/ast.go:119.49,119.50 0 0
github.com/issadicko/kodi-script-go/ast/ast.go:120.48,120.75 1 0
github.com/issadicko/kodi-script-go/ast/ast.go:128.50,128.51 0 0
github.com/issadicko/kodi-script-go/ast/ast.go:129.49,129.76 1 0
github.com/issadicko/kodi-script-go/ast/ast.go:136.47,136.48 0 0
github.com/issadicko/kodi-script-go/ast/ast.go:137.46,137.73 1 0
github.com/issadicko/kodi-script-go/ast/ast.go:147.46,147.47 0 0
github.com/issadicko/kodi-script-go/ast/ast.go:148.45,148.72 1 0
github.com/issadicko/kodi-script-go/ast/ast.go:157.45,157.46 0 0
github.com/issadicko/kodi-script-go/ast/ast.go:158.44,158.71 1 0
github.com/issadicko/kodi-script-go/ast/ast.go:167.50,167.51 0 0
github.com/issadicko/kodi-script-go/ast/ast.go:168.49,168.76 1 0
github.com/issadicko/kodi-script-go/ast/ast.go:177.45,177.46 0 0
github.com/issadicko/kodi-script-go/ast/ast.go:178.44,178.71 1 0
github.com/issadicko/kodi-script-go/ast/ast.go:187.54,187.55 0 0
github.com/issadicko/kodi-script-go/ast/ast.go:188.53,188.80 1 0
github.com/issadicko/kodi-script-go/ast/ast.go:197.44,197.45 0 0
github.com/issadicko/kodi-script-go/ast/ast.go:198.43,198.70 1 0
github.com/issadicko/kodi-script-go/parser/parser.go:65.34,102.2 31 0
github.com/issadicko/kodi-script-go/parser/parser.go:104.73,106.2 1 0
github.com/issadicko/kodi-script-go/parser/parser.go:108.71,110.2 1 0
github.com/issadicko/kodi-script-go/parser/parser.go:113.36,115.2 1 0
github.com/issadicko/kodi-script-go/parser/parser.go:117.63,120.2 2 0
github.com/issadicko/kodi-script-go/parser/parser.go:122.30,125.2 2 0
github.com/issadicko/kodi-script-go/parser/parser.go:127.48,129.2 1 0
github.com/issadicko/kodi-script-go/parser/parser.go:131.49,133.2 1 0
github.com/issadicko/kodi-script-go/parser/parser.go:135.48,136.22 1 0
github.com/issadicko/kodi-script-go/parser/parser.go:136.22,139.3 2 0
github.com/issadicko/kodi-script-go/parser/parser.go:140.2,141.14 2 0
github.com/issadicko/kodi-script-go/parser/parser.go:144.39,145.51 1 0
github.com/issadicko/kodi-script-go/parser/parser.go:145.51,147.3 1 0
github.com/issadicko/kodi-script-go/parser/parser.go:148.2,148.15 1 0
github.com/issadicko/kodi-script-go/parser/parser.go:151.38,152.50 1 0
github.com/issadicko/kodi-script-go/parser/parser.go:152.50,154.3 1 0
github.com/issadicko/kodi-script-go/parser/parser.go:155.2,155.15 1 0
github.com/issadicko/kodi-script-go/parser/parser.go:159.42,160.67 1 0
github.com/issadicko/kodi-script-go/parser/parser.go:160.67,162.3 1 0
github.com/issadicko/kodi-script-go/parser/parser.go:166.46,170.31 3 0
github.com/issadicko/kodi-script-go/parser/parser.go:170.31,172.30 2 0
github.com/issadicko/kodi-script-go/parser/parser.go:172.30,173.9 1 0
github.com/issadicko/kodi-script-go/parser/parser.go:175.3,176.18 2 0
github.com/issadicko/kodi-script-go/parser/parser.go:176.18,178.4 1 0
github.com/issadicko/kodi-script-go/parser/parser.go:181.3,181.97 1 0
github.com/issadicko/kodi-script-go/parser/parser.go:181.97,183.4 1 0
github.com/issadicko/kodi-script-go/parser/parser.go:184.3,184.28 1 0
github.com/issadicko/kodi-script-go/parser/parser.go:187.2,187.16 1 0
github.com/issadicko/kodi-script-go/parser/parser.go:190.49,191.25 1 0
github.com/issadicko/kodi-script-go/parser/parser.go:192.17,193.26 1 0
github.com/issadicko/kodi-script-go/parser/parser.go:194.16,195.30 1 0
github.com/issadicko/kodi-script-go/parser/parser.go:196.20,197.34 1 0
github.com/issadicko/kodi-script-go/parser/parser.go:198.19,199.34 1 0
github.com/issadicko/kodi-script-go/parser/parser.go:199.34,201.4 1 0
github.com/issadicko/kodi-script-go/parser/parser.go:202.3,202.38 1 0
github.com/issadicko/kodi-script-go/parser/parser.go:203.10,204.38 1 0
github.com/issadicko/kodi-script-go/parser/parser.go:208.46,211.32 2 0
github.com/issadicko/kodi-script-go/parser/parser.go:211.32,213.3 1 0
github.com/issadicko/kodi-script-go/parser/parser.go:215.2,217.33 2 0
github.com/issadicko/kodi-script-go/parser/parser.go:217.33,219.3 1 0
github.com/issadicko/kodi-script-go/parser/parser.go:221.2,224.13 3 0
github.com/issadicko/kodi-script-go/parser/parser.go:228.62,233.127 2 0
github.com/issadicko/kodi-script-go/parser/parser.go:233.127,235.3 1 0
github.com/issadicko/kodi-script-go/parser/parser.go:237.2,240.13 3 0
github.com/issadicko/kodi-script-go/parser/parser.go:243.52,253.2 6 0
github.com/issadicko/kodi-script-go/parser/parser.go:255.54,258.33 2 0
github.com/issadicko/kodi-script-go/parser/parser.go:258.33,260.3 1 0
github.com/issadicko/kodi-script-go/parser/parser.go:262.2,265.33 3 0
github.com/issadicko/kodi-script-go/parser/parser.go:265.33,267.3 1 0
github.com/issadicko/kodi-script-go/parser/parser.go:269.2,269.33 1 0
github.com/issadicko/kodi-script-go/parser/parser.go:269.33,271.3 1 0
github.com/issadicko/kodi-script-go/parser/parser.go:273.2,275.31 2 0
github.com/issadicko/kodi-script-go/parser/parser.go:275.31,278.34 2 0
github.com/issadicko/kodi-script-go/parser/parser.go:278.34,280.4 1 0
github.com/issadicko/kodi-script-go/parser/parser.go:282.3,282.45 1 0
github.com/issadicko/kodi-script-go/parser/parser.go:285.2,285.13 1 0
github.com/issadicko/kodi-script-go/parser/parser.go:288.60,294.62 4 0
github.com/issadicko/kodi-script-go/parser/parser.go:294.62,296.33 2 0
github.com/issadicko/kodi-script-go/parser/parser.go:296.33,297.9 1 0
github.com/issadicko/kodi-script-go/parser/parser.go:299.3,300.18 2 0
github.com/issadicko/kodi-script-go/parser/parser.go:300.18,302.4 1 0
github.com/issadicko/kodi-script-go/parser/parser.go:304.3,305.67 1 0
github.com/issadicko/kodi-script-go/parser/parser.go:305.67,307.4 1 0
github.com/issadicko/kodi-script-go/parser/parser.go:308.3,308.28 1 0
github.com/issadicko/kodi-script-go/parser/parser.go:311.2,311.14 1 0
github.com/issadicko/kodi-script-go/parser/parser.go:314.70,318.2 3 0
github.com/issadicko/kodi-script-go/parser/parser.go:320.65,322.19 2 0
github.com/issadicko/kodi-script-go/parser/parser.go:322.19,325.3 2 0
github.com/issadicko/kodi-script-go/parser/parser.go:326.2,331.35 2 0
github.com/issadicko/kodi-script-go/parser/parser.go:331.35,333.19 2 0
github.com/issadicko/kodi-script-go/parser/parser.go:333.19,335.4 1 0
github.com/issadicko/kodi-script-go/parser/parser.go:336.3,337.27 2 0
github.com/issadicko/kodi-script-go/parser/parser.go:340.2,340.16 1 0
github.com/issadicko/kodi-script-go/parser/parser.go:343.51,345.2 1 0
github.com/issadicko/kodi-script-go/parser/parser.go:347.54,351.16 3 0
github.com/issadicko/kodi-script-go/parser/parser.go:351.16,354.3 2 0
github.com/issadicko/kodi-script-go/parser/parser.go:356.2,357.12 2 0
github.com/issadicko/kodi-script-go/parser/parser.go:360.54,362.2 1 0
github.com/issadicko/kodi-script-go/parser/parser.go:364.55,366.2 1 0
github.com/issadicko/kodi-script-go/parser/parser.go:368.52,370.2 1 0
github.com/issadicko/kodi-script-go/parser/parser.go:372.57,382.2 4 0
github.com/issadicko/kodi-script-go/parser/parser.go:384.58,389.33 3 0
github.com/issadicko/kodi-script-go/parser/parser.go:389.33,391.3 1 0
github.com/issadicko/kodi-script-go/parser/parser.go:393.2,393.12 1 0
github.com/issadicko/kodi-script-go/parser/parser.go:396.75,408.2 5 0
github.com/issadicko/kodi-script-go/parser/parser.go:410.75,420.2 4 0
github.com/issadicko/kodi-script-go/parser/parser.go:422.74,428.32 2 0
github.com/issadicko/kodi-script-go/parser/parser.go:428.32,430.3 1 0
github.com/issadicko/kodi-script-go/parser/parser.go:432.2,434.19 2 0
github.com/issadicko/kodi-script-go/parser/parser.go:437.70,443.32 2 0
github.com/issadicko/kodi-script-go/parser/parser.go:443.32,445.3 1 0
github.com/issadicko/kodi-script-go/parser/parser.go:447.2,449.19 2 0
github.com/issadicko/kodi-script-go/parser/parser.go:452.78,456.2 3 0
github.com/issadicko/kodi-script-go/parser/parser.go:458.56,461.33 2 0
github.com/issadicko/kodi-script-go/parser/parser.go:461.33,464.3 2 0
github.com/issadicko/kodi-script-go/parser/parser.go:466.2,469.33 3 0
github.com/issadicko/kodi-script-go/parser/parser.go:469.33,473.3 3 0
github.com/issadicko/kodi-script-go/parser/parser.go:475.2,475.33 1 0
github.com/issadicko/kodi-script-go/parser/parser.go:475.33,477.3 1 0
github.com/issadicko/kodi-script-go/parser/parser.go:479.2,479.13 1 0
github.com/issadicko/kodi-script-go/token/token.go:81.37,82.36 1 0
github.com/issadicko/kodi-script-go/token/token.go:82.36,84.3 1 0
github.com/issadicko/kodi-script-go/token/token.go:85.2,85.14 1 0
github.com/issadicko/kodi-script-go/token/token.go:89.38,90.11 1 0
github.com/issadicko/kodi-script-go/token/token.go:91.64,92.14 1 0
github.com/issadicko/kodi-script-go/token/token.go:93.10,94.15 1 0
github.com/issadicko/kodi-script-go/token/token.go:99.45,100.11 1 0
github.com/issadicko/kodi-script-go/token/token.go:101.111,102.14 1 0
github.com/issadicko/kodi-script-go/token/token.go:103.10,104.15 1 0
github.com/issadicko/kodi-script-go/lexer/lexer.go:20.31,27.2 4 1
github.com/issadicko/kodi-script-go/lexer/lexer.go:30.28,31.36 1 1
github.com/issadicko/kodi-script-go/lexer/lexer.go:31.36,33.3 1 1
github.com/issadicko/kodi-script-go/lexer/lexer.go:33.8,35.3 1 1
github.com/issadicko/kodi-script-go/lexer/lexer.go:36.2,38.12 3 1
github.com/issadicko/kodi-script-go/lexer/lexer.go:42.33,43.36 1 1
github.com/issadicko/kodi-script-go/lexer/lexer.go:43.36,45.3 1 1
github.com/issadicko/kodi-script-go/lexer/lexer.go:46.2,46.32 1 1
github.com/issadicko/kodi-script-go/lexer/lexer.go:50.41,58.14 5 1
github.com/issadicko/kodi-script-go/lexer/lexer.go:59.11,60.26 1 1
github.com/issadicko/kodi-script-go/lexer/lexer.go:60.26,63.4 2 1
github.com/issadicko/kodi-script-go/lexer/lexer.go:63.9,65.4 1 1
github.com/issadicko/kodi-script-go/lexer/lexer.go:66.11,67.37 1 1
github.com/issadicko/kodi-script-go/lexer/lexer.go:68.11,69.38 1 1
github.com/issadicko/kodi-script-go/lexer/lexer.go:70.11,71.41 1 1
github.com/issadicko/kodi-script-go/lexer/lexer.go:72.11,73.26 1 1
github.com/issadicko/kodi-script-go/lexer/lexer.go:73.26,76.4 2 1
github.com/issadicko/kodi-script-go/lexer/lexer.go:77.3,77.38 1 1
github.com/issadicko/kodi-script-go/lexer/lexer.go:78.11,79.26 1 1
github.com/issadicko/kodi-script-go/lexer/lexer.go:79.26,82.4 2 1
github.com/issadicko/kodi-script-go/lexer/lexer.go:82.9,84.4 1 1
github.com/issadicko/kodi-script-go/lexer/lexer.go:85.11,86.26 1 1
github.com/issadicko/kodi-script-go/lexer/lexer.go:86.26,89.4 2 1
github.com/issadicko/kodi-script-go/lexer/lexer.go:89.9,91.4 1 1
github.com/issadicko/kodi-script-go/lexer/lexer.go:92.11,93.26 1 1
github.com/issadicko/kodi-script-go/lexer/lexer.go:93.26,96.4 2 1
github.com/issadicko/kodi-script-go/lexer/lexer.go:96.9,98.4 1 1
github.com/issadicko/kodi-script-go/lexer/lexer.go:99.11,100.26 1 1
github.com/issadicko/kodi-script-go/lexer/lexer.go:100.26,103.4 2 1
github.com/issadicko/kodi-script-go/lexer/lexer.go:103.9,105.4 1 0
github.com/issadicko/kodi-script-go/lexer/lexer.go:106.11,107.26 1 1
github.com/issadicko/kodi-script-go/lexer/lexer.go:107.26,110.4 2 1
github.com/issadicko/kodi-script-go/lexer/lexer.go:110.9,112.4 1 0
github.com/issadicko/kodi-script-go/lexer/lexer.go:113.11,114.26 1 1
github.com/issadicko/kodi-script-go/lexer/lexer.go:114.26,117.4 2 1
github.com/issadicko/kodi-script-go/lexer/lexer.go:117.9,117.33 1 1
github.com/issadicko/kodi-script-go/lexer/lexer.go:117.33,120.4 2 1
github.com/issadicko/kodi-script-go/lexer/lexer.go:120.9,122.4 1 0
github.com/issadicko/kodi-script-go/lexer/lexer.go:123.11,124.38 1 1
github.com/issadicko/kodi-script-go/lexer/lexer.go:125.11,126.42 1 1
github.com/issadicko/kodi-script-go/lexer/lexer.go:127.11,128.39 1 1
github.com/issadicko/kodi-script-go/lexer/lexer.go:129.11,130.39 1 1
github.com/issadicko/kodi-script-go/lexer/lexer.go:131.11,132.39 1 1
github.com/issadicko/kodi-script-go/lexer/lexer.go:133.11,134.39 1 1
github.com/issadicko/kodi-script-go/lexer/lexer.go:135.11,136.36 1 1
github.com/issadicko/kodi-script-go/lexer/lexer.go:137.11,139.31 2 1
github.com/issadicko/kodi-script-go/lexer/lexer.go:140.12,142.41 1 1
github.com/issadicko/kodi-script-go/lexer/lexer.go:142.41,144.4 1 1
github.com/issadicko/kodi-script-go/lexer/lexer.go:144.9,150.4 4 1
github.com/issadicko/kodi-script-go/lexer/lexer.go:151.3,152.15 2 1
github.com/issadicko/kodi-script-go/lexer/lexer.go:153.9,155.23 2 1
github.com/issadicko/kodi-script-go/lexer/lexer.go:156.10,157.21 1 1
github.com/issadicko/kodi-script-go/lexer/lexer.go:157.21,162.4 4 1
github.com/issadicko/kodi-script-go/lexer/lexer.go:162.9,162.27 1 1
github.com/issadicko/kodi-script-go/lexer/lexer.go:162.27,167.4 4 1
github.com/issadicko/kodi-script-go/lexer/lexer.go:167.9,169.4 1 1
github.com/issadicko/kodi-script-go/lexer/lexer.go:172.2,174.12 3 1
github.com/issadicko/kodi-script-go/lexer/lexer.go:178.69,180.2 1 1
github.com/issadicko/kodi-script-go/lexer/lexer.go:183.34,184.50 1 1
github.com/issadicko/kodi-script-go/lexer/lexer.go:184.50,186.3 1 1
github.com/issadicko/kodi-script-go/lexer/lexer.go:190.35,191.32 1 1
github.com/issadicko/kodi-script-go/lexer/lexer.go:191.32,193.3 1 1
github.com/issadicko/kodi-script-go/lexer/lexer.go:197.41,199.38 2 1
github.com/issadicko/kodi-script-go/lexer/lexer.go:199.38,201.3 1 1
github.com/issadicko/kodi-script-go/lexer/lexer.go:202.2,202.37 1 1
github.com/issadicko/kodi-script-go/lexer/lexer.go:206.37,208.20 2 1
github.com/issadicko/kodi-script-go/lexer/lexer.go:208.20,210.3 1 1
github.com/issadicko/kodi-script-go/lexer/lexer.go:212.2,212.42 1 1
github.com/issadicko/kodi-script-go/lexer/lexer.go:212.42,214.21 2 1
github.com/issadicko/kodi-script-go/lexer/lexer.go:214.21,216.4 1 1
github.com/issadicko/kodi-script-go/lexer/lexer.go:218.2,218.37 1 1
github.com/issadicko/kodi-script-go/lexer/lexer.go:222.37,225.31 3 1
github.com/issadicko/kodi-script-go/lexer/lexer.go:225.31,226.19 1 1
github.com/issadicko/kodi-script-go/lexer/lexer.go:226.19,228.16 2 1
github.com/issadicko/kodi-script-go/lexer/lexer.go:229.13,230.34 1 1
github.com/issadicko/kodi-script-go/lexer/lexer.go:231.13,232.34 1 1
github.com/issadicko/kodi-script-go/lexer/lexer.go:233.13,234.33 1 1
github.com/issadicko/kodi-script-go/lexer/lexer.go:235.14,236.34 1 1
github.com/issadicko/kodi-script-go/lexer/lexer.go:237.12,238.34 1 0
github.com/issadicko/kodi-script-go/lexer/lexer.go:240.9,242.4 1 1
github.com/issadicko/kodi-script-go/lexer/lexer.go:243.3,243.15 1 1
github.com/issadicko/kodi-script-go/lexer/lexer.go:245.2,245.23 1 1
github.com/issadicko/kodi-script-go/lexer/lexer.go:248.29,250.2 1 1
github.com/issadicko/kodi-script-go/lexer/lexer.go:252.28,254.2 1 1
github.com/issadicko/kodi-script-go/kodi.go:26.33,31.2 1 1
github.com/issadicko/kodi-script-go/kodi.go:34.69,37.2 2 1
github.com/issadicko/kodi-script-go/kodi.go:40.79,43.2 2 0
github.com/issadicko/kodi-script-go/kodi.go:46.36,56.25 5 1
github.com/issadicko/kodi-script-go/kodi.go:56.25,59.3 2 0
github.com/issadicko/kodi-script-go/kodi.go:62.2,62.21 1 1
github.com/issadicko/kodi-script-go/kodi.go:62.21,64.3 1 1
github.com/issadicko/kodi-script-go/kodi.go:66.2,67.16 2 1
github.com/issadicko/kodi-script-go/kodi.go:67.16,70.3 2 0
github.com/issadicko/kodi-script-go/kodi.go:72.2,75.15 3 1
github.com/issadicko/kodi-script-go/kodi.go:79.67,81.22 2 1
github.com/issadicko/kodi-script-go/kodi.go:81.22,83.3 1 1
github.com/issadicko/kodi-script-go/kodi.go:84.2,84.25 1 1
github.com/issadicko/kodi-script-go/kodi.go:88.47,90.28 2 0
github.com/issadicko/kodi-script-go/kodi.go:90.28,92.3 1 0
github.com/issadicko/kodi-script-go/kodi.go:93.2,93.26 1 0
github.com/issadicko/kodi-script-go/kodi.go:101.36,102.26 1 0
github.com/issadicko/kodi-script-go/kodi.go:102.26,104.3 1 0
github.com/issadicko/kodi-script-go/kodi.go:105.2,105.22 1 0
github.com/issadicko/kodi-script-go/interpreter/interpreter.go:27.36,29.2 1 1
github.com/issadicko/kodi-script-go/interpreter/interpreter.go:32.62,36.2 3 1
github.com/issadicko/kodi-script-go/interpreter/interpreter.go:39.54,41.27 2 1
github.com/issadicko/kodi-script-go/interpreter/interpreter.go:41.27,43.3 1 1
github.com/issadicko/kodi-script-go/interpreter/interpreter.go:44.2,44.16 1 1
github.com/issadicko/kodi-script-go/interpreter/interpreter.go:48.51,50.2 1 1
github.com/issadicko/kodi-script-go/interpreter/interpreter.go:53.44,55.2 1 1
github.com/issadicko/kodi-script-go/interpreter/interpreter.go:58.46,60.2 1 1
github.com/issadicko/kodi-script-go/interpreter/interpreter.go:69.25,74.2 1 1
github.com/issadicko/kodi-script-go/interpreter/interpreter.go:77.64,79.30 2 1
github.com/issadicko/kodi-script-go/interpreter/interpreter.go:79.30,81.3 1 1
github.com/issadicko/kodi-script-go/interpreter/interpreter.go:82.2,82.15 1 1
github.com/issadicko/kodi-script-go/interpreter/interpreter.go:86.65,89.42 2 1
github.com/issadicko/kodi-script-go/interpreter/interpreter.go:89.42,91.17 2 1
github.com/issadicko/kodi-script-go/interpreter/interpreter.go:91.17,93.4 1 1
github.com/issadicko/kodi-script-go/interpreter/interpreter.go:95.3,95.39 1 1
github.com/issadicko/kodi-script-go/interpreter/interpreter.go:95.39,97.4 1 1
github.com/issadicko/kodi-script-go/interpreter/interpreter.go:98.3,98.15 1 1
github.com/issadicko/kodi-script-go/interpreter/interpreter.go:101.2,101.20 1 1
github.com/issadicko/kodi-script-go/interpreter/interpreter.go:105.44,107.2 1 1
github.com/issadicko/kodi-script-go/interpreter/interpreter.go:109.72,110.26 1 1
github.com/issadicko/kodi-script-go/interpreter/interpreter.go:111.20,113.17 2 1
github.com/issadicko/kodi-script-go/interpreter/interpreter.go:113.17,115.4 1 0
github.com/issadicko/kodi-script-go/interpreter/interpreter.go:116.3,117.18 2 1
github.com/issadicko/kodi-script-go/interpreter/interpreter.go:119.23,121.17 2 1
github.com/issadicko/kodi-script-go/interpreter/interpreter.go:121.17,123.4 1 0
github.com/issadicko/kodi-script-go/interpreter/interpreter.go:124.3,125.18 2 1
github.com/issadicko/kodi-script-go/interpreter/interpreter.go:127.32,128.40 1 1
github.com/issadicko/kodi-script-go/interpreter/interpreter.go:130.24,131.30 1 1
github.com/issadicko/kodi-script-go/interpreter/interpreter.go:133.28,135.21 2 1
github.com/issadicko/kodi-script-go/interpreter/interpreter.go:135.21,138.18 3 1
github.com/issadicko/kodi-script-go/interpreter/interpreter.go:138.18,140.5 1 0
github.com/issadicko/kodi-script-go/interpreter/interpreter.go:142.3,142.39 1 1
github.com/issadicko/kodi-script-go/interpreter/interpreter.go:144.10,145.61 1 0
github.com/issadicko/kodi-script-go/interpreter/interpreter.go:149.77,151.16 2 1
github.com/issadicko/kodi-script-go/interpreter/interpreter.go:151.16,153.3 1 0
github.com/issadicko/kodi-script-go/interpreter/interpreter.go:155.2,155.25 1 1
github.com/issadicko/kodi-script-go/interpreter/interpreter.go:155.25,157.3 1 1
github.com/issadicko/kodi-script-go/interpreter/interpreter.go:157.8,157.36 1 1
github.com/issadicko/kodi-script-go/interpreter/interpreter.go:157.36,159.3 1 1
github.com/issadicko/kodi-script-go/interpreter/interpreter.go:161.2,161.17 1 0
github.com/issadicko/kodi-script-go/interpreter/interpreter.go:164.84,167.40 2 1
github.com/issadicko/kodi-script-go/interpreter/interpreter.go:167.40,169.17 2 1
github.com/issadicko/kodi-script-go/interpreter/interpreter.go:169.17,171.4 1 0
github.com/issadicko/kodi-script-go/interpreter/interpreter.go:173.3,173.38 1 1
github.com/issadicko/kodi-script-go/interpreter/interpreter.go:173.38,175.4 1 1
github.com/issadicko/kodi-script-go/interpreter/interpreter.go:176.3,176.15 1 1
github.com/issadicko/kodi-script-go/interpreter/interpreter.go:179.2,179.20 1 1
github.com/issadicko/kodi-script-go/interpreter/interpreter.go:182.74,183.26 1 1
github.com/issadicko/kodi-script-go/interpreter/interpreter.go:184.26,185.22 1 1
github.com/issadicko/kodi-script-go/interpreter/interpreter.go:187.26,188.22 1 1
github.com/issadicko/kodi-script-go/interpreter/interpreter.go:190.27,191.22 1 1
github.com/issadicko/kodi-script-go/interpreter/interpreter.go:193.24,194.18 1 1
github.com/issadicko/kodi-script-go/interpreter/interpreter.go:196.23,198.10 2 1
github.com/issadicko/kodi-script-go/interpreter/interpreter.go:198.10,200.4 1 1
github.com/issadicko/kodi-script-go/interpreter/interpreter.go:201.3,201.18 1 1
github.com/issadicko/kodi-script-go/interpreter/interpreter.go:203.23,204.29 1 1
github.com/issadicko/kodi-script-go/interpreter/interpreter.go:206.22,207.28 1 1
github.com/issadicko/kodi-script-go/interpreter/interpreter.go:209.27,210.29 1 1
github.com/issadicko/kodi-script-go/interpreter/interpreter.go:212.22,213.28 1 1
github.com/issadicko/kodi-script-go/interpreter/interpreter.go:215.31,216.33 1 1
github.com/issadicko/kodi-script-go/interpreter/interpreter.go:218.21,219.27 1 1
github.com/issadicko/kodi-script-go/interpreter/interpreter.go:221.10,222.62 1 0
github.com/issadicko/kodi-script-go/interpreter/interpreter.go:226.75,228.16 2 1
github.com/issadicko/kodi-script-go/interpreter/interpreter.go:228.16,230.3 1 0
github.com/issadicko/kodi-script-go/interpreter/interpreter.go:233.2,233.27 1 1
github.com/issadicko/kodi-script-go/interpreter/interpreter.go:233.27,234.22 1 1
github.com/issadicko/kodi-script-go/interpreter/interpreter.go:234.22,236.4 1 1
github.com/issadicko/kodi-script-go/interpreter/interpreter.go:237.3,238.17 2 1
github.com/issadicko/kodi-script-go/interpreter/interpreter.go:238.17,240.4 1 0
github.com/issadicko/kodi-script-go/interpreter/interpreter.go:241.3,241.30 1 1
github.com/issadicko/kodi-script-go/interpreter/interpreter.go:244.2,244.27 1 1
github.com/issadicko/kodi-script-go/interpreter/interpreter.go:244.27,245.21 1 1
github.com/issadicko/kodi-script-go/interpreter/interpreter.go:245.21,247.4 1 0
github.com/issadicko/kodi-script-go/interpreter/interpreter.go:248.3,249.17 2 1
github.com/issadicko/kodi-script-go/interpreter/interpreter.go:249.17,251.4 1 0
github.com/issadicko/kodi-script-go/interpreter/interpreter.go:252.3,252.30 1 1
github.com/issadicko/kodi-script-go/interpreter/interpreter.go:255.2,256.16 2 1
github.com/issadicko/kodi-script-go/interpreter/interpreter.go:256.16,258.3 1 0
github.com/issadicko/kodi-script-go/interpreter/interpreter.go:260.2,260.23 1 1
github.com/issadicko/kodi-script-go/interpreter/interpreter.go:261.11,262.33 1 1
github.com/issadicko/kodi-script-go/interpreter/interpreter.go:263.11,264.44 1 1
github.com/issadicko/kodi-script-go/interpreter/interpreter.go:265.11,266.44 1 1
github.com/issadicko/kodi-script-go/interpreter/interpreter.go:267.11,268.44 1 1
github.com/issadicko/kodi-script-go/interpreter/interpreter.go:269.12,270.28 1 1
github.com/issadicko/kodi-script-go/interpreter/interpreter.go:271.12,272.28 1 1
github.com/issadicko/kodi-script-go/interpreter/interpreter.go:273.11,274.44 1 1
github.com/issadicko/kodi-script-go/interpreter/interpreter.go:275.11,276.44 1 1
github.com/issadicko/kodi-script-go/interpreter/interpreter.go:277.12,278.45 1 1
github.com/issadicko/kodi-script-go/interpreter/interpreter.go:279.12,280.45 1 1
github.com/issadicko/kodi-script-go/interpreter/interpreter.go:281.10,282.64 1 0
github.com/issadicko/kodi-script-go/interpreter/interpreter.go:286.66,288.33 1 1
github.com/issadicko/kodi-script-go/interpreter/interpreter.go:288.33,290.3 1 1
github.com/issadicko/kodi-script-go/interpreter/interpreter.go:291.2,291.34 1 1
github.com/issadicko/kodi-script-go/interpreter/interpreter.go:291.34,293.3 1 0
github.com/issadicko/kodi-script-go/interpreter/interpreter.go:296.2,298.16 3 1
github.com/issadicko/kodi-script-go/interpreter/interpreter.go:298.16,300.3 1 1
github.com/issadicko/kodi-script-go/interpreter/interpreter.go:302.2,302.61 1 0
github.com/issadicko/kodi-script-go/interpreter/interpreter.go:305.83,308.18 3 1
github.com/issadicko/kodi-script-go/interpreter/interpreter.go:308.18,310.3 1 0
github.com/issadicko/kodi-script-go/interpreter/interpreter.go:312.2,312.12 1 1
github.com/issadicko/kodi-script-go/interpreter/interpreter.go:313.11,314.33 1 1
github.com/issadicko/kodi-script-go/interpreter/interpreter.go:315.11,316.33 1 1
github.com/issadicko/kodi-script-go/interpreter/interpreter.go:317.11,318.20 1 1
github.com/issadicko/kodi-script-go/interpreter/interpreter.go:318.20,320.4 1 1
github.com/issadicko/kodi-script-go/interpreter/interpreter.go:321.3,321.33 1 1
github.com/issadicko/kodi-script-go/interpreter/interpreter.go:323.2,323.63 1 0
github.com/issadicko/kodi-script-go/interpreter/interpreter.go:326.83,329.18 3 1
github.com/issadicko/kodi-script-go/interpreter/interpreter.go:329.18,331.3 1 0
github.com/issadicko/kodi-script-go/interpreter/interpreter.go:333.2,333.12 1 1
github.com/issadicko/kodi-script-go/interpreter/interpreter.go:334.11,335.33 1 1
github.com/issadicko/kodi-script-go/interpreter/interpreter.go:336.11,337.33 1 1
github.com/issadicko/kodi-script-go/interpreter/interpreter.go:338.12,339.34 1 1
github.com/issadicko/kodi-script-go/interpreter/interpreter.go:340.12,341.34 1 1
github.com/issadicko/kodi-script-go/interpreter/interpreter.go:343.2,343.63 1 0
github.com/issadicko/kodi-script-go/interpreter/interpreter.go:346.73,348.16 2 1
github.com/issadicko/kodi-script-go/interpreter/interpreter.go:348.16,350.3 1 0
github.com/issadicko/kodi-script-go/interpreter/interpreter.go:352.2,352.23 1 1
github.com/issadicko/kodi-script-go/interpreter/interpreter.go:353.11,354.37 1 1
github.com/issadicko/kodi-script-go/interpreter/interpreter.go:354.37,356.4 1 1
github.com/issadicko/kodi-script-go/interpreter/interpreter.go:357.3,357.52 1 0
github.com/issadicko/kodi-script-go/interpreter/interpreter.go:358.11,359.31 1 1
github.com/issadicko/kodi-script-go/interpreter/interpreter.go:362.2,362.69 1 0
github.com/issadicko/kodi-script-go/interpreter/interpreter.go:365.79,367.16 2 1
github.com/issadicko/kodi-script-go/interpreter/interpreter.go:367.16,369.3 1 0
github.com/issadicko/kodi-script-go/interpreter/interpreter.go:372.2,372.19 1 1
github.com/issadicko/kodi-script-go/interpreter/interpreter.go:372.19,374.3 1 1
github.com/issadicko/kodi-script-go/interpreter/interpreter.go:377.2,377.50 1 0
github.com/issadicko/kodi-script-go/interpreter/interpreter.go:377.50,379.3 1 0
github.com/issadicko/kodi-script-go/interpreter/interpreter.go:381.2,381.17 1 0
github.com/issadicko/kodi-script-go/interpreter/interpreter.go:384.73,386.16 2 1
github.com/issadicko/kodi-script-go/interpreter/interpreter.go:386.16,388.3 1 0
github.com/issadicko/kodi-script-go/interpreter/interpreter.go:390.2,390.17 1 1
github.com/issadicko/kodi-script-go/interpreter/interpreter.go:390.17,392.3 1 1
github.com/issadicko/kodi-script-go/interpreter/interpreter.go:394.2,394.39 1 1
github.com/issadicko/kodi-script-go/interpreter/interpreter.go:397.87,399.16 2 1
github.com/issadicko/kodi-script-go/interpreter/interpreter.go:399.16,401.3 1 0
github.com/issadicko/kodi-script-go/interpreter/interpreter.go:403.2,403.19 1 1
github.com/issadicko/kodi-script-go/interpreter/interpreter.go:403.19,405.3 1 1
github.com/issadicko/kodi-script-go/interpreter/interpreter.go:407.2,407.50 1 1
github.com/issadicko/kodi-script-go/interpreter/interpreter.go:407.50,409.3 1 1
github.com/issadicko/kodi-script-go/interpreter/interpreter.go:411.2,411.64 1 0
github.com/issadicko/kodi-script-go/interpreter/interpreter.go:414.71,417.9 2 1
github.com/issadicko/kodi-script-go/interpreter/interpreter.go:417.9,419.3 1 0
github.com/issadicko/kodi-script-go/interpreter/interpreter.go:422.2,423.39 2 1
github.com/issadicko/kodi-script-go/interpreter/interpreter.go:423.39,425.17 2 1
github.com/issadicko/kodi-script-go/interpreter/interpreter.go:425.17,427.4 1 0
github.com/issadicko/kodi-script-go/interpreter/interpreter.go:428.3,428.18 1 1
github.com/issadicko/kodi-script-go/interpreter/interpreter.go:432.2,432.28 1 1
github.com/issadicko/kodi-script-go/interpreter/interpreter.go:432.28,433.28 1 1
github.com/issadicko/kodi-script-go/interpreter/interpreter.go:433.28,435.4 1 1
github.com/issadicko/kodi-script-go/interpreter/interpreter.go:436.3,436.18 1 1
github.com/issadicko/kodi-script-go/interpreter/interpreter.go:440.2,441.15 2 0
github.com/issadicko/kodi-script-go/interpreter/interpreter.go:441.15,443.3 1 0
github.com/issadicko/kodi-script-go/interpreter/interpreter.go:446.2,447.27 2 0
github.com/issadicko/kodi-script-go/interpreter/interpreter.go:447.27,449.3 1 0
github.com/issadicko/kodi-script-go/interpreter/interpreter.go:451.2,451.25 1 0
github.com/issadicko/kodi-script-go/interpreter/interpreter.go:456.31,457.16 1 1
github.com/issadicko/kodi-script-go/interpreter/interpreter.go:457.16,459.3 1 1
github.com/issadicko/kodi-script-go/interpreter/interpreter.go:460.2,460.29 1 1
github.com/issadicko/kodi-script-go/interpreter/interpreter.go:460.29,462.3 1 1
github.com/issadicko/kodi-script-go/interpreter/interpreter.go:463.2,463.13 1 1
github.com/issadicko/kodi-script-go/interpreter/interpreter.go:466.42,467.25 1 1
github.com/issadicko/kodi-script-go/interpreter/interpreter.go:468.15,469.17 1 1
github.com/issadicko/kodi-script-go/interpreter/interpreter.go:470.11,471.26 1 1
github.com/issadicko/kodi-script-go/interpreter/interpreter.go:472.13,473.26 1 1
github.com/issadicko/kodi-script-go/interpreter/interpreter.go:475.2,475.17 1 1
github.com/issadicko/kodi-script-go/natives/natives.go:20.13,22.2 1 1
github.com/issadicko/kodi-script-go/natives/natives.go:33.30,37.2 3 1
github.com/issadicko/kodi-script-go/natives/natives.go:40.48,42.2 1 1
github.com/issadicko/kodi-script-go/natives/natives.go:45.57,47.2 1 1
github.com/issadicko/kodi-script-go/natives/natives.go:49.39,119.2 52 1
github.com/issadicko/kodi-script-go/natives/natives.go:123.63,124.20 1 1
github.com/issadicko/kodi-script-go/natives/natives.go:124.20,126.3 1 1
github.com/issadicko/kodi-script-go/natives/natives.go:127.2,127.40 1 1
github.com/issadicko/kodi-script-go/natives/natives.go:130.63,131.20 1 1
github.com/issadicko/kodi-script-go/natives/natives.go:131.20,133.3 1 0
github.com/issadicko/kodi-script-go/natives/natives.go:134.2,134.29 1 1
github.com/issadicko/kodi-script-go/natives/natives.go:135.15,136.16 1 1
github.com/issadicko/kodi-script-go/natives/natives.go:137.11,138.25 1 1
github.com/issadicko/kodi-script-go/natives/natives.go:139.14,141.17 2 1
github.com/issadicko/kodi-script-go/natives/natives.go:141.17,143.4 1 1
github.com/issadicko/kodi-script-go/natives/natives.go:144.3,144.16 1 1
github.com/issadicko/kodi-script-go/natives/natives.go:145.10,146.65 1 1
github.com/issadicko/kodi-script-go/natives/natives.go:150.61,151.20 1 1
github.com/issadicko/kodi-script-go/natives/natives.go:151.20,153.3 1 0
github.com/issadicko/kodi-script-go/natives/natives.go:154.2,154.35 1 1
github.com/issadicko/kodi-script-go/natives/natives.go:154.35,156.3 1 1
github.com/issadicko/kodi-script-go/natives/natives.go:157.2,157.61 1 1
github.com/issadicko/kodi-script-go/natives/natives.go:160.64,161.36 1 1
github.com/issadicko/kodi-script-go/natives/natives.go:161.36,163.3 1 0
github.com/issadicko/kodi-script-go/natives/natives.go:164.2,165.9 2 1
github.com/issadicko/kodi-script-go/natives/natives.go:165.9,167.3 1 0
github.com/issadicko/kodi-script-go/natives/natives.go:168.2,169.9 2 1
github.com/issadicko/kodi-script-go/natives/natives.go:169.9,171.3 1 0
github.com/issadicko/kodi-script-go/natives/natives.go:172.2,173.18 2 1
github.com/issadicko/kodi-script-go/natives/natives.go:173.18,175.3 1 1
github.com/issadicko/kodi-script-go/natives/natives.go:176.2,176.24 1 1
github.com/issadicko/kodi-script-go/natives/natives.go:176.24,178.3 1 1
github.com/issadicko/kodi-script-go/natives/natives.go:180.2,180.20 1 1
github.com/issadicko/kodi-script-go/natives/natives.go:180.20,182.10 2 1
github.com/issadicko/kodi-script-go/natives/natives.go:182.10,184.4 1 0
github.com/issadicko/kodi-script-go/natives/natives.go:185.3,186.22 2 1
github.com/issadicko/kodi-script-go/natives/natives.go:186.22,188.4 1 1
github.com/issadicko/kodi-script-go/natives/natives.go:189.3,189.33 1 1
github.com/issadicko/kodi-script-go/natives/natives.go:192.2,192.26 1 1
github.com/issadicko/kodi-script-go/natives/natives.go:195.66,196.20 1 1
github.com/issadicko/kodi-script-go/natives/natives.go:196.20,198.3 1 0
github.com/issadicko/kodi-script-go/natives/natives.go:199.2,199.35 1 1
github.com/issadicko/kodi-script-go/natives/natives.go:199.35,201.3 1 1
github.com/issadicko/kodi-script-go/natives/natives.go:202.2,202.66 1 0
github.com/issadicko/kodi-script-go/natives/natives.go:205.66,206.20 1 1
github.com/issadicko/kodi-script-go/natives/natives.go:206.20,208.3 1 0
github.com/issadicko/kodi-script-go/natives/natives.go:209.2,209.35 1 1
github.com/issadicko/kodi-script-go/natives/natives.go:209.35,211.3 1 1
github.com/issadicko/kodi-script-go/natives/natives.go:212.2,212.66 1 0
github.com/issadicko/kodi-script-go/natives/natives.go:215.59,216.20 1 1
github.com/issadicko/kodi-script-go/natives/natives.go:216.20,218.3 1 0
github.com/issadicko/kodi-script-go/natives/natives.go:219.2,219.35 1 1
github.com/issadicko/kodi-script-go/natives/natives.go:219.35,221.3 1 1
github.com/issadicko/kodi-script-go/natives/natives.go:222.2,222.59 1 0
github.com/issadicko/kodi-script-go/natives/natives.go:225.60,226.20 1 1
github.com/issadicko/kodi-script-go/natives/natives.go:226.20,228.3 1 0
github.com/issadicko/kodi-script-go/natives/natives.go:229.2,230.9 2 1
github.com/issadicko/kodi-script-go/natives/natives.go:230.9,232.3 1 0
github.com/issadicko/kodi-script-go/natives/natives.go:233.2,234.9 2 1
github.com/issadicko/kodi-script-go/natives/natives.go:234.9,236.3 1 0
github.com/issadicko/kodi-script-go/natives/natives.go:237.2,239.26 3 1
github.com/issadicko/kodi-script-go/natives/natives.go:239.26,241.3 1 1
github.com/issadicko/kodi-script-go/natives/natives.go:242.2,242.20 1 1
github.com/issadicko/kodi-script-go/natives/natives.go:245.59,246.20 1 1
github.com/issadicko/kodi-script-go/natives/natives.go:246.20,248.3 1 0
github.com/issadicko/kodi-script-go/natives/natives.go:249.2,250.9 2 1
github.com/issadicko/kodi-script-go/natives/natives.go:250.9,252.3 1 0
github.com/issadicko/kodi-script-go/natives/natives.go:253.2,254.9 2 1
github.com/issadicko/kodi-script-go/natives/natives.go:254.9,256.3 1 0
github.com/issadicko/kodi-script-go/natives/natives.go:257.2,258.24 2 1
github.com/issadicko/kodi-script-go/natives/natives.go:258.24,260.3 1 1
github.com/issadicko/kodi-script-go/natives/natives.go:261.2,261.37 1 1
github.com/issadicko/kodi-script-go/natives/natives.go:264.62,265.20 1 1
github.com/issadicko/kodi-script-go/natives/natives.go:265.20,267.3 1 0
github.com/issadicko/kodi-script-go/natives/natives.go:268.2,269.9 2 1
github.com/issadicko/kodi-script-go/natives/natives.go:269.9,271.3 1 0
github.com/issadicko/kodi-script-go/natives/natives.go:272.2,273.9 2 1
github.com/issadicko/kodi-script-go/natives/natives.go:273.9,275.3 1 0
github.com/issadicko/kodi-script-go/natives/natives.go:276.2,277.9 2 1
github.com/issadicko/kodi-script-go/natives/natives.go:277.9,279.3 1 0
github.com/issadicko/kodi-script-go/natives/natives.go:280.2,280.45 1 1
github.com/issadicko/kodi-script-go/natives/natives.go:283.63,284.20 1 1
github.com/issadicko/kodi-script-go/natives/natives.go:284.20,286.3 1 0
github.com/issadicko/kodi-script-go/natives/natives.go:287.2,288.9 2 1
github.com/issadicko/kodi-script-go/natives/natives.go:288.9,290.3 1 0
github.com/issadicko/kodi-script-go/natives/natives.go:291.2,292.9 2 1
github.com/issadicko/kodi-script-go/natives/natives.go:292.9,294.3 1 0
github.com/issadicko/kodi-script-go/natives/natives.go:295.2,295.41 1 1
github.com/issadicko/kodi-script-go/natives/natives.go:298.65,299.20 1 1
github.com/issadicko/kodi-script-go/natives/natives.go:299.20,301.3 1 0
github.com/issadicko/kodi-script-go/natives/natives.go:302.2,303.9 2 1
github.com/issadicko/kodi-script-go/natives/natives.go:303.9,305.3 1 0
github.com/issadicko/kodi-script-go/natives/natives.go:306.2,307.9 2 1
github.com/issadicko/kodi-script-go/natives/natives.go:307.9,309.3 1 0
github.com/issadicko/kodi-script-go/natives/natives.go:310.2,310.42 1 1
github.com/issadicko/kodi-script-go/natives/natives.go:313.63,314.20 1 1
github.com/issadicko/kodi-script-go/natives/natives.go:314.20,316.3 1 0
github.com/issadicko/kodi-script-go/natives/natives.go:317.2,318.9 2 1
github.com/issadicko/kodi-script-go/natives/natives.go:318.9,320.3 1 0
github.com/issadicko/kodi-script-go/natives/natives.go:321.2,322.9 2 1
github.com/issadicko/kodi-script-go/natives/natives.go:322.9,324.3 1 0
github.com/issadicko/kodi-script-go/natives/natives.go:325.2,325.42 1 1
github.com/issadicko/kodi-script-go/natives/natives.go:328.62,329.20 1 1
github.com/issadicko/kodi-script-go/natives/natives.go:329.20,331.3 1 0
github.com/issadicko/kodi-script-go/natives/natives.go:332.2,333.9 2 1
github.com/issadicko/kodi-script-go/natives/natives.go:333.9,335.3 1 0
github.com/issadicko/kodi-script-go/natives/natives.go:336.2,337.9 2 1
github.com/issadicko/kodi-script-go/natives/natives.go:337.9,339.3 1 0
github.com/issadicko/kodi-script-go/natives/natives.go:340.2,340.47 1 1
github.com/issadicko/kodi-script-go/natives/natives.go:345.64,346.20 1 1
github.com/issadicko/kodi-script-go/natives/natives.go:346.20,348.3 1 0
github.com/issadicko/kodi-script-go/natives/natives.go:349.2,350.9 2 1
github.com/issadicko/kodi-script-go/natives/natives.go:350.9,352.3 1 0
github.com/issadicko/kodi-script-go/natives/natives.go:353.2,354.59 2 1
github.com/issadicko/kodi-script-go/natives/natives.go:354.59,356.3 1 1
github.com/issadicko/kodi-script-go/natives/natives.go:357.2,357.20 1 1
github.com/issadicko/kodi-script-go/natives/natives.go:360.68,361.20 1 1
github.com/issadicko/kodi-script-go/natives/natives.go:361.20,363.3 1 0
github.com/issadicko/kodi-script-go/natives/natives.go:364.2,365.16 2 1
github.com/issadicko/kodi-script-go/natives/natives.go:365.16,367.3 1 0
github.com/issadicko/kodi-script-go/natives/natives.go:368.2,368.23 1 1
github.com/issadicko/kodi-script-go/natives/natives.go:373.67,374.20 1 1
github.com/issadicko/kodi-script-go/natives/natives.go:374.20,376.3 1 0
github.com/issadicko/kodi-script-go/natives/natives.go:377.2,378.9 2 1
github.com/issadicko/kodi-script-go/natives/natives.go:378.9,380.3 1 0
github.com/issadicko/kodi-script-go/natives/natives.go:381.2,381.58 1 1
github.com/issadicko/kodi-script-go/natives/natives.go:384.67,385.20 1 1
github.com/issadicko/kodi-script-go/natives/natives.go:385.20,387.3 1 0
github.com/issadicko/kodi-script-go/natives/natives.go:388.2,389.9 2 1
github.com/issadicko/kodi-script-go/natives/natives.go:389.9,391.3 1 0
github.com/issadicko/kodi-script-go/natives/natives.go:392.2,393.16 2 1
github.com/issadicko/kodi-script-go/natives/natives.go:393.16,395.3 1 1
github.com/issadicko/kodi-script-go/natives/natives.go:396.2,396.23 1 1
github.com/issadicko/kodi-script-go/natives/natives.go:401.64,402.20 1 1
github.com/issadicko/kodi-script-go/natives/natives.go:402.20,404.3 1 0
github.com/issadicko/kodi-script-go/natives/natives.go:405.2,406.9 2 1
github.com/issadicko/kodi-script-go/natives/natives.go:406.9,408.3 1 0
github.com/issadicko/kodi-script-go/natives/natives.go:409.2,409.32 1 1
github.com/issadicko/kodi-script-go/natives/natives.go:412.64,413.20 1 1
github.com/issadicko/kodi-script-go/natives/natives.go:413.20,415.3 1 0
github.com/issadicko/kodi-script-go/natives/natives.go:416.2,417.9 2 1
github.com/issadicko/kodi-script-go/natives/natives.go:417.9,419.3 1 0
github.com/issadicko/kodi-script-go/natives/natives.go:420.2,421.16 2 1
github.com/issadicko/kodi-script-go/natives/natives.go:421.16,423.3 1 1
github.com/issadicko/kodi-script-go/natives/natives.go:424.2,424.21 1 1
github.com/issadicko/kodi-script-go/natives/natives.go:429.61,430.20 1 1
github.com/issadicko/kodi-script-go/natives/natives.go:430.20,432.3 1 0
github.com/issadicko/kodi-script-go/natives/natives.go:433.2,433.20 1 1
github.com/issadicko/kodi-script-go/natives/natives.go:433.20,435.3 1 1
github.com/issadicko/kodi-script-go/natives/natives.go:436.2,436.24 1 1
github.com/issadicko/kodi-script-go/natives/natives.go:437.14,438.23 1 1
github.com/issadicko/kodi-script-go/natives/natives.go:439.27,440.23 1 1
github.com/issadicko/kodi-script-go/natives/natives.go:441.12,442.24 1 1
github.com/issadicko/kodi-script-go/natives/natives.go:443.30,444.23 1 1
github.com/issadicko/kodi-script-go/natives/natives.go:445.21,446.22 1 1
github.com/issadicko/kodi-script-go/natives/natives.go:447.10,448.24 1 0
github.com/issadicko/kodi-script-go/natives/natives.go:452.61,453.20 1 1
github.com/issadicko/kodi-script-go/natives/natives.go:453.20,455.3 1 0
github.com/issadicko/kodi-script-go/natives/natives.go:456.2,456.28 1 1
github.com/issadicko/kodi-script-go/natives/natives.go:459.63,460.20 1 1
github.com/issadicko/kodi-script-go/natives/natives.go:460.20,462.3 1 0
github.com/issadicko/kodi-script-go/natives/natives.go:463.2,463.24 1 1
github.com/issadicko/kodi-script-go/natives/natives.go:464.27,465.19 1 1
github.com/issadicko/kodi-script-go/natives/natives.go:466.10,467.20 1 1
github.com/issadicko/kodi-script-go/natives/natives.go:471.63,472.20 1 1
github.com/issadicko/kodi-script-go/natives/natives.go:472.20,474.3 1 0
github.com/issadicko/kodi-script-go/natives/natives.go:475.2,476.16 2 1
github.com/issadicko/kodi-script-go/natives/natives.go:479.61,480.20 1 1
github.com/issadicko/kodi-script-go/natives/natives.go:480.20,482.3 1 0
github.com/issadicko/kodi-script-go/natives/natives.go:483.2,484.16 2 1
github.com/issadicko/kodi-script-go/natives/natives.go:489.58,490.20 1 1
github.com/issadicko/kodi-script-go/natives/natives.go:490.20,492.3 1 0
github.com/issadicko/kodi-script-go/natives/natives.go:493.2,494.9 2 1
github.com/issadicko/kodi-script-go/natives/natives.go:494.9,496.3 1 0
github.com/issadicko/kodi-script-go/natives/natives.go:497.2,497.25 1 1
github.com/issadicko/kodi-script-go/natives/natives.go:500.60,501.20 1 1
github.com/issadicko/kodi-script-go/natives/natives.go:501.20,503.3 1 0
github.com/issadicko/kodi-script-go/natives/natives.go:504.2,505.9 2 1
github.com/issadicko/kodi-script-go/natives/natives.go:505.9,507.3 1 0
github.com/issadicko/kodi-script-go/natives/natives.go:508.2,508.27 1 1
github.com/issadicko/kodi-script-go/natives/natives.go:511.59,512.20 1 1
github.com/issadicko/kodi-script-go/natives/natives.go:512.20,514.3 1 0
github.com/issadicko/kodi-script-go/natives/natives.go:515.2,516.9 2 1
github.com/issadicko/kodi-script-go/natives/natives.go:516.9,518.3 1 0
github.com/issadicko/kodi-script-go/natives/natives.go:519.2,519.26 1 1
github.com/issadicko/kodi-script-go/natives/natives.go:522.60,523.20 1 1
github.com/issadicko/kodi-script-go/natives/natives.go:523.20,525.3 1 0
github.com/issadicko/kodi-script-go/natives/natives.go:526.2,527.9 2 1
github.com/issadicko/kodi-script-go/natives/natives.go:527.9,529.3 1 0
github.com/issadicko/kodi-script-go/natives/natives.go:530.2,530.27 1 1
github.com/issadicko/kodi-script-go/natives/natives.go:533.58,534.19 1 1
github.com/issadicko/kodi-script-go/natives/natives.go:534.19,536.3 1 0
github.com/issadicko/kodi-script-go/natives/natives.go:537.2,538.9 2 1
github.com/issadicko/kodi-script-go/natives/natives.go:538.9,540.3 1 0
github.com/issadicko/kodi-script-go/natives/natives.go:541.2,541.33 1 1
github.com/issadicko/kodi-script-go/natives/natives.go:541.33,543.10 2 1
github.com/issadicko/kodi-script-go/natives/natives.go:543.10,545.4 1 0
github.com/issadicko/kodi-script-go/natives/natives.go:546.3,546.17 1 1
github.com/issadicko/kodi-script-go/natives/natives.go:546.17,548.4 1 1
github.com/issadicko/kodi-script-go/natives/natives.go:550.2,550.20 1 1
github.com/issadicko/kodi-script-go/natives/natives.go:553.58,554.19 1 1
github.com/issadicko/kodi-script-go/natives/natives.go:554.19,556.3 1 0
github.com/issadicko/kodi-script-go/natives/natives.go:557.2,558.9 2 1
github.com/issadicko/kodi-script-go/natives/natives.go:558.9,560.3 1 0
github.com/issadicko/kodi-script-go/natives/natives.go:561.2,561.33 1 1
github.com/issadicko/kodi-script-go/natives/natives.go:561.33,563.10 2 1
github.com/issadicko/kodi-script-go/natives/natives.go:563.10,565.4 1 0
github.com/issadicko/kodi-script-go/natives/natives.go:566.3,566.17 1 1
github.com/issadicko/kodi-script-go/natives/natives.go:566.17,568.4 1 1
github.com/issadicko/kodi-script-go/natives/natives.go:570.2,570.20 1 1
github.com/issadicko/kodi-script-go/natives/natives.go:573.58,574.20 1 1
github.com/issadicko/kodi-script-go/natives/natives.go:574.20,576.3 1 0
github.com/issadicko/kodi-script-go/natives/natives.go:577.2,578.9 2 1
github.com/issadicko/kodi-script-go/natives/natives.go:578.9,580.3 1 0
github.com/issadicko/kodi-script-go/natives/natives.go:581.2,582.9 2 1
github.com/issadicko/kodi-script-go/natives/natives.go:582.9,584.3 1 0
github.com/issadicko/kodi-script-go/natives/natives.go:585.2,585.33 1 1
github.com/issadicko/kodi-script-go/natives/natives.go:588.59,589.20 1 1
github.com/issadicko/kodi-script-go/natives/natives.go:589.20,591.3 1 0
github.com/issadicko/kodi-script-go/natives/natives.go:592.2,593.9 2 1
github.com/issadicko/kodi-script-go/natives/natives.go:593.9,595.3 1 0
github.com/issadicko/kodi-script-go/natives/natives.go:596.2,596.11 1 1
github.com/issadicko/kodi-script-go/natives/natives.go:596.11,598.3 1 1
github.com/issadicko/kodi-script-go/natives/natives.go:599.2,599.26 1 1
github.com/issadicko/kodi-script-go/natives/natives.go:602.58,603.20 1 1
github.com/issadicko/kodi-script-go/natives/natives.go:603.20,605.3 1 0
github.com/issadicko/kodi-script-go/natives/natives.go:606.2,607.9 2 1
github.com/issadicko/kodi-script-go/natives/natives.go:607.9,609.3 1 0
github.com/issadicko/kodi-script-go/natives/natives.go:610.2,610.25 1 1
github.com/issadicko/kodi-script-go/natives/natives.go:613.58,614.20 1 1
github.com/issadicko/kodi-script-go/natives/natives.go:614.20,616.3 1 0
github.com/issadicko/kodi-script-go/natives/natives.go:617.2,618.9 2 1
github.com/issadicko/kodi-script-go/natives/natives.go:618.9,620.3 1 0
github.com/issadicko/kodi-script-go/natives/natives.go:621.2,621.25 1 1
github.com/issadicko/kodi-script-go/natives/natives.go:624.58,625.20 1 1
github.com/issadicko/kodi-script-go/natives/natives.go:625.20,627.3 1 0
github.com/issadicko/kodi-script-go/natives/natives.go:628.2,629.9 2 1
github.com/issadicko/kodi-script-go/natives/natives.go:629.9,631.3 1 0
github.com/issadicko/kodi-script-go/natives/natives.go:632.2,632.25 1 1
github.com/issadicko/kodi-script-go/natives/natives.go:635.58,636.20 1 1
github.com/issadicko/kodi-script-go/natives/natives.go:636.20,638.3 1 0
github.com/issadicko/kodi-script-go/natives/natives.go:639.2,640.9 2 1
github.com/issadicko/kodi-script-go/natives/natives.go:640.9,642.3 1 0
github.com/issadicko/kodi-script-go/natives/natives.go:643.2,643.12 1 1
github.com/issadicko/kodi-script-go/natives/natives.go:643.12,645.3 1 1
github.com/issadicko/kodi-script-go/natives/natives.go:646.2,646.25 1 1
github.com/issadicko/kodi-script-go/natives/natives.go:649.60,650.20 1 1
github.com/issadicko/kodi-script-go/natives/natives.go:650.20,652.3 1 0
github.com/issadicko/kodi-script-go/natives/natives.go:653.2,654.9 2 1
github.com/issadicko/kodi-script-go/natives/natives.go:654.9,656.3 1 0
github.com/issadicko/kodi-script-go/natives/natives.go:657.2,657.12 1 1
github.com/issadicko/kodi-script-go/natives/natives.go:657.12,659.3 1 1
github.com/issadicko/kodi-script-go/natives/natives.go:660.2,660.27 1 1
github.com/issadicko/kodi-script-go/natives/natives.go:663.58,664.20 1 1
github.com/issadicko/kodi-script-go/natives/natives.go:664.20,666.3 1 0
github.com/issadicko/kodi-script-go/natives/natives.go:667.2,668.9 2 1
github.com/issadicko/kodi-script-go/natives/natives.go:668.9,670.3 1 0
github.com/issadicko/kodi-script-go/natives/natives.go:671.2,671.25 1 1
github.com/issadicko/kodi-script-go/natives/natives.go:676.61,677.20 1 1
github.com/issadicko/kodi-script-go/natives/natives.go:677.20,679.3 1 0
github.com/issadicko/kodi-script-go/natives/natives.go:680.2,680.28 1 1
github.com/issadicko/kodi-script-go/natives/natives.go:683.64,684.20 1 1
github.com/issadicko/kodi-script-go/natives/natives.go:684.20,686.3 1 0
github.com/issadicko/kodi-script-go/natives/natives.go:687.2,688.9 2 1
github.com/issadicko/kodi-script-go/natives/natives.go:688.9,690.3 1 0
github.com/issadicko/kodi-script-go/natives/natives.go:691.2,692.9 2 1
github.com/issadicko/kodi-script-go/natives/natives.go:692.9,694.3 1 0
github.com/issadicko/kodi-script-go/natives/natives.go:695.2,695.16 1 1
github.com/issadicko/kodi-script-go/natives/natives.go:695.16,697.3 1 1
github.com/issadicko/kodi-script-go/natives/natives.go:698.2,698.64 1 1
github.com/issadicko/kodi-script-go/natives/natives.go:701.65,702.20 1 1
github.com/issadicko/kodi-script-go/natives/natives.go:702.20,704.3 1 0
github.com/issadicko/kodi-script-go/natives/natives.go:706.2,710.84 5 1
github.com/issadicko/kodi-script-go/natives/natives.go:715.58,716.20 1 1
github.com/issadicko/kodi-script-go/natives/natives.go:716.20,718.3 1 0
github.com/issadicko/kodi-script-go/natives/natives.go:719.2,720.9 2 1
github.com/issadicko/kodi-script-go/natives/natives.go:720.9,722.3 1 0
github.com/issadicko/kodi-script-go/natives/natives.go:723.2,724.41 2 1
github.com/issadicko/kodi-script-go/natives/natives.go:727.59,728.20 1 1
github.com/issadicko/kodi-script-go/natives/natives.go:728.20,730.3 1 0
github.com/issadicko/kodi-script-go/natives/natives.go:731.2,732.9 2 1
github.com/issadicko/kodi-script-go/natives/natives.go:732.9,734.3 1 0
github.com/issadicko/kodi-script-go/natives/natives.go:735.2,736.41 2 1
github.com/issadicko/kodi-script-go/natives/natives.go:739.61,740.20 1 1
github.com/issadicko/kodi-script-go/natives/natives.go:740.20,742.3 1 0
github.com/issadicko/kodi-script-go/natives/natives.go:743.2,744.9 2 1
github.com/issadicko/kodi-script-go/natives/natives.go:744.9,746.3 1 0
github.com/issadicko/kodi-script-go/natives/natives.go:747.2,748.41 2 1
github.com/issadicko/kodi-script-go/natives/natives.go:753.45,754.23 1 1
github.com/issadicko/kodi-script-go/natives/natives.go:755.15,756.17 1 1
github.com/issadicko/kodi-script-go/natives/natives.go:757.11,758.26 1 0
github.com/issadicko/kodi-script-go/natives/natives.go:759.13,760.26 1 0
github.com/issadicko/kodi-script-go/natives/natives.go:761.10,762.18 1 1
github.com/issadicko/kodi-script-go/natives/natives.go:768.59,769.36 1 1
github.com/issadicko/kodi-script-go/natives/natives.go:769.36,771.3 1 0
github.com/issadicko/kodi-script-go/natives/natives.go:772.2,773.9 2 1
github.com/issadicko/kodi-script-go/natives/natives.go:773.9,775.3 1 0
github.com/issadicko/kodi-script-go/natives/natives.go:778.2,779.20 2 1
github.com/issadicko/kodi-script-go/natives/natives.go:779.20,781.10 2 1
github.com/issadicko/kodi-script-go/natives/natives.go:781.10,783.4 1 0
github.com/issadicko/kodi-script-go/natives/natives.go:784.3,784.22 1 1
github.com/issadicko/kodi-script-go/natives/natives.go:784.22,786.4 1 1
github.com/issadicko/kodi-script-go/natives/natives.go:790.2,794.37 3 1
github.com/issadicko/kodi-script-go/natives/natives.go:794.37,795.40 1 1
github.com/issadicko/kodi-script-go/natives/natives.go:795.40,797.17 2 1
github.com/issadicko/kodi-script-go/natives/natives.go:797.17,798.19 1 1
github.com/issadicko/kodi-script-go/natives/natives.go:798.19,800.6 1 1
github.com/issadicko/kodi-script-go/natives/natives.go:801.10,802.19 1 1
github.com/issadicko/kodi-script-go/natives/natives.go:802.19,804.6 1 1
github.com/issadicko/kodi-script-go/natives/natives.go:809.2,809.20 1 1
github.com/issadicko/kodi-script-go/natives/natives.go:812.61,813.36 1 1
github.com/issadicko/kodi-script-go/natives/natives.go:813.36,815.3 1 0
github.com/issadicko/kodi-script-go/natives/natives.go:816.2,817.9 2 1
github.com/issadicko/kodi-script-go/natives/natives.go:817.9,819.3 1 0
github.com/issadicko/kodi-script-go/natives/natives.go:820.2,821.9 2 1
github.com/issadicko/kodi-script-go/natives/natives.go:821.9,823.3 1 0
github.com/issadicko/kodi-script-go/natives/natives.go:826.2,827.20 2 1
github.com/issadicko/kodi-script-go/natives/natives.go:827.20,829.10 2 0
github.com/issadicko/kodi-script-go/natives/natives.go:829.10,831.4 1 0
github.com/issadicko/kodi-script-go/natives/natives.go:832.3,832.22 1 0
github.com/issadicko/kodi-script-go/natives/natives.go:832.22,834.4 1 0
github.com/issadicko/kodi-script-go/natives/natives.go:838.2,842.37 3 1
github.com/issadicko/kodi-script-go/natives/natives.go:842.37,843.40 1 1
github.com/issadicko/kodi-script-go/natives/natives.go:843.40,847.17 4 1
github.com/issadicko/kodi-script-go/natives/natives.go:847.17,848.19 1 1
github.com/issadicko/kodi-script-go/natives/natives.go:848.19,850.6 1 1
github.com/issadicko/kodi-script-go/natives/natives.go:851.10,852.19 1 0
github.com/issadicko/kodi-script-go/natives/natives.go:852.19,854.6 1 0
github.com/issadicko/kodi-script-go/natives/natives.go:859.2,859.20 1 1
github.com/issadicko/kodi-script-go/natives/natives.go:862.62,863.20 1 1
github.com/issadicko/kodi-script-go/natives/natives.go:863.20,865.3 1 0
github.com/issadicko/kodi-script-go/natives/natives.go:866.2,867.9 2 1
github.com/issadicko/kodi-script-go/natives/natives.go:867.9,869.3 1 0
github.com/issadicko/kodi-script-go/natives/natives.go:871.2,872.24 2 1
github.com/issadicko/kodi-script-go/natives/natives.go:872.24,874.3 1 1
github.com/issadicko/kodi-script-go/natives/natives.go:875.2,875.20 1 1
github.com/issadicko/kodi-script-go/natives/natives.go:878.59,879.20 1 1
github.com/issadicko/kodi-script-go/natives/natives.go:879.20,881.3 1 0
github.com/issadicko/kodi-script-go/natives/natives.go:882.2,882.29 1 1
github.com/issadicko/kodi-script-go/natives/natives.go:883.21,884.30 1 1
github.com/issadicko/kodi-script-go/natives/natives.go:885.14,886.30 1 1
github.com/issadicko/kodi-script-go/natives/natives.go:887.30,888.30 1 1
github.com/issadicko/kodi-script-go/natives/natives.go:889.10,890.70 1 0
github.com/issadicko/kodi-script-go/natives/natives.go:894.60,895.20 1 1
github.com/issadicko/kodi-script-go/natives/natives.go:895.20,897.3 1 0
github.com/issadicko/kodi-script-go/natives/natives.go:898.2,899.9 2 1
github.com/issadicko/kodi-script-go/natives/natives.go:899.9,901.3 1 0
github.com/issadicko/kodi-script-go/natives/natives.go:902.2,902.19 1 1
github.com/issadicko/kodi-script-go/natives/natives.go:902.19,904.3 1 1
github.com/issadicko/kodi-script-go/natives/natives.go:905.2,905.20 1 1
github.com/issadicko/kodi-script-go/natives/natives.go:908.59,909.20 1 1
github.com/issadicko/kodi-script-go/natives/natives.go:909.20,911.3 1 0
github.com/issadicko/kodi-script-go/natives/natives.go:912.2,913.9 2 1
github.com/issadicko/kodi-script-go/natives/natives.go:913.9,915.3 1 0
github.com/issadicko/kodi-script-go/natives/natives.go:916.2,916.19 1 1
github.com/issadicko/kodi-script-go/natives/natives.go:916.19,918.3 1 0
github.com/issadicko/kodi-script-go/natives/natives.go:919.2,919.29 1 1
github.com/issadicko/kodi-script-go/natives/natives.go:922.60,923.36 1 1
github.com/issadicko/kodi-script-go/natives/natives.go:923.36,925.3 1 0
github.com/issadicko/kodi-script-go/natives/natives.go:926.2,927.9 2 1
github.com/issadicko/kodi-script-go/natives/natives.go:927.9,929.3 1 0
github.com/issadicko/kodi-script-go/natives/natives.go:930.2,931.9 2 1
github.com/issadicko/kodi-script-go/natives/natives.go:931.9,933.3 1 0
github.com/issadicko/kodi-script-go/natives/natives.go:934.2,935.18 2 1
github.com/issadicko/kodi-script-go/natives/natives.go:935.18,937.3 1 1
github.com/issadicko/kodi-script-go/natives/natives.go:938.2,938.26 1 1
github.com/issadicko/kodi-script-go/natives/natives.go:938.26,940.3 1 1
github.com/issadicko/kodi-script-go/natives/natives.go:942.2,942.20 1 1
github.com/issadicko/kodi-script-go/natives/natives.go:942.20,944.10 2 1
github.com/issadicko/kodi-script-go/natives/natives.go:944.10,946.4 1 0
github.com/issadicko/kodi-script-go/natives/natives.go:947.3,948.24 2 1
github.com/issadicko/kodi-script-go/natives/natives.go:948.24,950.4 1 0
github.com/issadicko/kodi-script-go/natives/natives.go:951.3,951.24 1 1
github.com/issadicko/kodi-script-go/natives/natives.go:951.24,953.4 1 1
github.com/issadicko/kodi-script-go/natives/natives.go:954.3,954.35 1 1
github.com/issadicko/kodi-script-go/natives/natives.go:957.2,957.28 1 1
github.com/issadicko/kodi-script-go/natives/natives.go:961.42,963.26 1 1
github.com/issadicko/kodi-script-go/natives/natives.go:963.26,965.3 1 1
github.com/issadicko/kodi-script-go/natives/natives.go:966.2,966.14 1 1
github.com/issadicko/kodi-script-go/natives/natives.go:966.14,968.3 1 1
github.com/issadicko/kodi-script-go/natives/natives.go:969.2,969.14 1 1
github.com/issadicko/kodi-script-go/natives/natives.go:969.14,971.3 1 1
github.com/issadicko/kodi-script-go/natives/natives.go:974.2,976.16 3 1
github.com/issadicko/kodi-script-go/natives/natives.go:976.16,977.18 1 1
github.com/issadicko/kodi-script-go/natives/natives.go:977.18,979.4 1 1
github.com/issadicko/kodi-script-go/natives/natives.go:980.3,980.18 1 1
github.com/issadicko/kodi-script-go/natives/natives.go:980.18,982.4 1 1
github.com/issadicko/kodi-script-go/natives/natives.go:983.3,983.11 1 1
github.com/issadicko/kodi-script-go/natives/natives.go:987.2,989.36 3 1
github.com/issadicko/kodi-script-go/natives/natives.go:993.63,994.47 1 1
github.com/issadicko/kodi-script-go/natives/natives.go:994.47,996.3 1 1
github.com/issadicko/kodi-script-go/natives/natives.go:997.2,997.12 1 1
